Arguments: 
  /Users/junlin/.nvm/versions/node/v8.9.3/bin/node /Users/junlin/.nvm/versions/node/v8.9.3/bin/yarn install dotenv truffle-wallet-provider ethereumjs-wallet

PATH: 
  /Library/Frameworks/Python.framework/Versions/3.6/bin:/Users/junlin/.nvm/versions/node/v8.9.3/bin:/Users/junlin/.just-installs/bin:/usr/local/bin:/usr/bin:/bin:/usr/sbin:/sbin:/usr/local/opt/fzf/bin

Yarn version: 
  1.5.1

Node version: 
  8.9.3

Platform: 
  darwin x64

npm manifest: 
  {
    "name": "easycoin",
    "version": "1.0.0",
    "description": "",
    "main": "truffle.js",
    "directories": {
      "test": "test"
    },
    "scripts": {
      "test": "echo \"Error: no test specified\" && exit 1"
    },
    "author": "",
    "license": "ISC",
    "dependencies": {
      "zeppelin-solidity": "^1.9.0"
    }
  }

yarn manifest: 
  No manifest

Lockfile: 
  # THIS IS AN AUTOGENERATED FILE. DO NOT EDIT THIS FILE DIRECTLY.
  # yarn lockfile v1
  
  
  zeppelin-solidity@^1.9.0:
    version "1.9.0"
    resolved "http://registry.npm.taobao.org/zeppelin-solidity/download/zeppelin-solidity-1.9.0.tgz#463ac7dc04480f8c9c4f9e1db3da96a39009fe6c"

Trace: 
  Error: `install` has been replaced with `add` to add new dependencies. Run "yarn add dotenv truffle-wallet-provider ethereumjs-wallet" instead.
      at new MessageError (/Users/junlin/.nvm/versions/node/v8.9.3/lib/node_modules/yarn/lib/cli.js:186:110)
      at Object.<anonymous> (/Users/junlin/.nvm/versions/node/v8.9.3/lib/node_modules/yarn/lib/cli.js:21987:13)
      at Generator.next (<anonymous>)
      at step (/Users/junlin/.nvm/versions/node/v8.9.3/lib/node_modules/yarn/lib/cli.js:98:30)
      at /Users/junlin/.nvm/versions/node/v8.9.3/lib/node_modules/yarn/lib/cli.js:109:13
      at <anonymous>
